[ 2017-12-29T11:32:20+08:00 ] 127.0.0.1 /User/login.html
INFO: [ app_begin ] --START--
INFO: Run Behavior\ReadHtmlCacheBehavior [ RunTime:0.002187s ]
INFO: [ app_begin ] --END-- [ RunTime:0.003190s ]
SQL: SELECT * FROM `jx_category`  [ RunTime:0.0042s ]

[ 2017-12-29T11:32:37+08:00 ] 127.0.0.1 /User/login.html
INFO: [ app_begin ] --START--
INFO: Run Behavior\ReadHtmlCacheBehavior [ RunTime:0.001349s ]
INFO: [ app_begin ] --END-- [ RunTime:0.002097s ]
SQL: SELECT * FROM `jx_category`  [ RunTime:0.0032s ]
NOTIC: [8] Undefined index: c C:\Users\ithol\Desktop\phpcode\myStudy\jxshop\Application\Common\Common\function.php 第 100 行.
NOTIC: [8] Undefined index: a C:\Users\ithol\Desktop\phpcode\myStudy\jxshop\Application\Common\Common\function.php 第 103 行.
NOTIC: [8] Undefined index: url C:\Users\ithol\Desktop\phpcode\myStudy\jxshop\Application\Common\Common\function.php 第 106 行.

[ 2017-12-29T11:37:20+08:00 ] 127.0.0.1 /User/login.html
INFO: [ app_begin ] --START--
INFO: Run Behavior\ReadHtmlCacheBehavior [ RunTime:0.001065s ]
INFO: [ app_begin ] --END-- [ RunTime:0.002053s ]
SQL: SELECT * FROM `jx_category`  [ RunTime:0.0009s ]
NOTIC: [8] Undefined index: c C:\Users\ithol\Desktop\phpcode\myStudy\jxshop\Application\Common\Common\function.php 第 100 行.
NOTIC: [8] Undefined index: a C:\Users\ithol\Desktop\phpcode\myStudy\jxshop\Application\Common\Common\function.php 第 103 行.
NOTIC: [8] Undefined index: url C:\Users\ithol\Desktop\phpcode\myStudy\jxshop\Application\Common\Common\function.php 第 106 行.
NOTIC: [8] Undefined variable: info C:\Users\ithol\Desktop\phpcode\myStudy\jxshop\Application\Home\Model\UserModel.class.php 第 57 行.
NOTIC: [8] Undefined variable: info C:\Users\ithol\Desktop\phpcode\myStudy\jxshop\Application\Home\Model\UserModel.class.php 第 58 行.

[ 2017-12-29T11:38:31+08:00 ] 127.0.0.1 /User/login.html
INFO: [ app_begin ] --START--
INFO: Run Behavior\ReadHtmlCacheBehavior [ RunTime:0.001313s ]
INFO: [ app_begin ] --END-- [ RunTime:0.002122s ]
SQL: SELECT * FROM `jx_category`  [ RunTime:0.0010s ]
NOTIC: [8] Undefined index: c C:\Users\ithol\Desktop\phpcode\myStudy\jxshop\Application\Common\Common\function.php 第 100 行.
NOTIC: [8] Undefined index: a C:\Users\ithol\Desktop\phpcode\myStudy\jxshop\Application\Common\Common\function.php 第 103 行.
NOTIC: [8] Undefined index: url C:\Users\ithol\Desktop\phpcode\myStudy\jxshop\Application\Common\Common\function.php 第 106 行.
NOTIC: [2] Invalid argument supplied for foreach() C:\Users\ithol\Desktop\phpcode\myStudy\jxshop\Application\Home\Model\CartModel.class.php 第 52 行.

[ 2017-12-29T14:23:03+08:00 ] 127.0.0.1 /User/login.html
INFO: [ app_begin ] --START--
INFO: Run Behavior\ReadHtmlCacheBehavior [ RunTime:0.000808s ]
INFO: [ app_begin ] --END-- [ RunTime:0.001571s ]
SQL: SELECT * FROM `jx_category`  [ RunTime:0.0008s ]
NOTIC: [8] Undefined index: c C:\Users\ithol\Desktop\phpcode\myStudy\jxshop\Application\Common\Common\function.php 第 100 行.
NOTIC: [8] Undefined index: a C:\Users\ithol\Desktop\phpcode\myStudy\jxshop\Application\Common\Common\function.php 第 103 行.
NOTIC: [8] Undefined index: key C:\Users\ithol\Desktop\phpcode\myStudy\jxshop\Application\Common\Common\function.php 第 106 行.
NOTIC: [8] Undefined index: url C:\Users\ithol\Desktop\phpcode\myStudy\jxshop\Application\Common\Common\function.php 第 109 行.
NOTIC: [2] Invalid argument supplied for foreach() C:\Users\ithol\Desktop\phpcode\myStudy\jxshop\Application\Home\Model\CartModel.class.php 第 52 行.

[ 2017-12-29T14:23:56+08:00 ] 127.0.0.1 /User/login.html
INFO: [ app_begin ] --START--
INFO: Run Behavior\ReadHtmlCacheBehavior [ RunTime:0.001310s ]
INFO: [ app_begin ] --END-- [ RunTime:0.002307s ]
SQL: SELECT * FROM `jx_category`  [ RunTime:0.0007s ]
NOTIC: [8] Undefined index: c C:\Users\ithol\Desktop\phpcode\myStudy\jxshop\Application\Common\Common\function.php 第 100 行.
NOTIC: [8] Undefined index: a C:\Users\ithol\Desktop\phpcode\myStudy\jxshop\Application\Common\Common\function.php 第 103 行.
NOTIC: [8] Undefined index: key C:\Users\ithol\Desktop\phpcode\myStudy\jxshop\Application\Common\Common\function.php 第 106 行.
NOTIC: [8] Undefined index: url C:\Users\ithol\Desktop\phpcode\myStudy\jxshop\Application\Common\Common\function.php 第 109 行.

[ 2017-12-29T14:23:58+08:00 ] 127.0.0.1 /User/login.html
INFO: [ app_begin ] --START--
INFO: Run Behavior\ReadHtmlCacheBehavior [ RunTime:0.001521s ]
INFO: [ app_begin ] --END-- [ RunTime:0.002650s ]
SQL: SELECT * FROM `jx_category`  [ RunTime:0.0008s ]

[ 2017-12-29T14:23:59+08:00 ] 127.0.0.1 /User/login.html
INFO: [ app_begin ] --START--
INFO: Run Behavior\ReadHtmlCacheBehavior [ RunTime:0.001762s ]
INFO: [ app_begin ] --END-- [ RunTime:0.002778s ]
SQL: SELECT * FROM `jx_category`  [ RunTime:0.0008s ]

[ 2017-12-29T14:24:00+08:00 ] 127.0.0.1 /User/login.html
INFO: [ app_begin ] --START--
INFO: Run Behavior\ReadHtmlCacheBehavior [ RunTime:0.001298s ]
INFO: [ app_begin ] --END-- [ RunTime:0.002065s ]
SQL: SELECT * FROM `jx_category`  [ RunTime:0.0007s ]

[ 2017-12-29T14:24:00+08:00 ] 127.0.0.1 /User/login.html
INFO: [ app_begin ] --START--
INFO: Run Behavior\ReadHtmlCacheBehavior [ RunTime:0.001621s ]
INFO: [ app_begin ] --END-- [ RunTime:0.002587s ]
SQL: SELECT * FROM `jx_category`  [ RunTime:0.0009s ]

[ 2017-12-29T14:24:01+08:00 ] 127.0.0.1 /User/login.html
INFO: [ app_begin ] --START--
INFO: Run Behavior\ReadHtmlCacheBehavior [ RunTime:0.001293s ]
INFO: [ app_begin ] --END-- [ RunTime:0.002088s ]
SQL: SELECT * FROM `jx_category`  [ RunTime:0.0008s ]

[ 2017-12-29T14:24:01+08:00 ] 127.0.0.1 /User/login.html
INFO: [ app_begin ] --START--
INFO: Run Behavior\ReadHtmlCacheBehavior [ RunTime:0.001351s ]
INFO: [ app_begin ] --END-- [ RunTime:0.002345s ]
SQL: SELECT * FROM `jx_category`  [ RunTime:0.0009s ]

[ 2017-12-29T14:24:01+08:00 ] 127.0.0.1 /User/login.html
INFO: [ app_begin ] --START--
INFO: Run Behavior\ReadHtmlCacheBehavior [ RunTime:0.001528s ]
INFO: [ app_begin ] --END-- [ RunTime:0.002463s ]
SQL: SELECT * FROM `jx_category`  [ RunTime:0.0009s ]

[ 2017-12-29T14:24:02+08:00 ] 127.0.0.1 /User/login.html
INFO: [ app_begin ] --START--
INFO: Run Behavior\ReadHtmlCacheBehavior [ RunTime:0.001293s ]
INFO: [ app_begin ] --END-- [ RunTime:0.002067s ]
SQL: SELECT * FROM `jx_category`  [ RunTime:0.0009s ]

[ 2017-12-29T14:24:15+08:00 ] 127.0.0.1 /User/login.html
INFO: [ app_begin ] --START--
INFO: Run Behavior\ReadHtmlCacheBehavior [ RunTime:0.002842s ]
INFO: [ app_begin ] --END-- [ RunTime:0.004281s ]
SQL: SELECT * FROM `jx_category`  [ RunTime:0.0011s ]

[ 2017-12-29T14:24:56+08:00 ] 127.0.0.1 /User/login.html
INFO: [ app_begin ] --START--
INFO: Run Behavior\ReadHtmlCacheBehavior [ RunTime:0.002372s ]
INFO: [ app_begin ] --END-- [ RunTime:0.011419s ]
SQL: SELECT * FROM `jx_category`  [ RunTime:0.0008s ]
NOTIC: [8] Undefined index: c C:\Users\ithol\Desktop\phpcode\myStudy\jxshop\Application\Common\Common\function.php 第 100 行.
NOTIC: [8] Undefined index: a C:\Users\ithol\Desktop\phpcode\myStudy\jxshop\Application\Common\Common\function.php 第 103 行.
NOTIC: [8] Undefined index: key C:\Users\ithol\Desktop\phpcode\myStudy\jxshop\Application\Common\Common\function.php 第 106 行.
NOTIC: [8] Undefined index: url C:\Users\ithol\Desktop\phpcode\myStudy\jxshop\Application\Common\Common\function.php 第 109 行.

[ 2017-12-29T14:25:08+08:00 ] 127.0.0.1 /User/login.html
INFO: [ app_begin ] --START--
INFO: Run Behavior\ReadHtmlCacheBehavior [ RunTime:0.002011s ]
INFO: [ app_begin ] --END-- [ RunTime:0.003883s ]
SQL: SELECT * FROM `jx_category`  [ RunTime:0.0008s ]

[ 2017-12-29T14:25:09+08:00 ] 127.0.0.1 /User/login.html
INFO: [ app_begin ] --START--
INFO: Run Behavior\ReadHtmlCacheBehavior [ RunTime:0.001488s ]
INFO: [ app_begin ] --END-- [ RunTime:0.002568s ]
SQL: SELECT * FROM `jx_category`  [ RunTime:0.0008s ]

[ 2017-12-29T14:25:10+08:00 ] 127.0.0.1 /User/login.html
INFO: [ app_begin ] --START--
INFO: Run Behavior\ReadHtmlCacheBehavior [ RunTime:0.002422s ]
INFO: [ app_begin ] --END-- [ RunTime:0.003970s ]
SQL: SELECT * FROM `jx_category`  [ RunTime:0.0008s ]

[ 2017-12-29T14:25:10+08:00 ] 127.0.0.1 /User/login.html
INFO: [ app_begin ] --START--
INFO: Run Behavior\ReadHtmlCacheBehavior [ RunTime:0.002179s ]
INFO: [ app_begin ] --END-- [ RunTime:0.003753s ]
SQL: SELECT * FROM `jx_category`  [ RunTime:0.0011s ]

[ 2017-12-29T14:25:12+08:00 ] 127.0.0.1 /User/login.html
INFO: [ app_begin ] --START--
INFO: Run Behavior\ReadHtmlCacheBehavior [ RunTime:0.002267s ]
INFO: [ app_begin ] --END-- [ RunTime:0.003987s ]
SQL: SELECT * FROM `jx_category`  [ RunTime:0.0008s ]

[ 2017-12-29T14:25:29+08:00 ] 127.0.0.1 /User/login.html
INFO: [ app_begin ] --START--
INFO: Run Behavior\ReadHtmlCacheBehavior [ RunTime:0.002010s ]
INFO: [ app_begin ] --END-- [ RunTime:0.004218s ]
SQL: SELECT * FROM `jx_category`  [ RunTime:0.0007s ]
NOTIC: [8] Undefined index: c C:\Users\ithol\Desktop\phpcode\myStudy\jxshop\Application\Common\Common\function.php 第 100 行.
NOTIC: [8] Undefined index: a C:\Users\ithol\Desktop\phpcode\myStudy\jxshop\Application\Common\Common\function.php 第 103 行.
NOTIC: [8] Undefined index: key C:\Users\ithol\Desktop\phpcode\myStudy\jxshop\Application\Common\Common\function.php 第 106 行.
NOTIC: [8] Undefined index: url C:\Users\ithol\Desktop\phpcode\myStudy\jxshop\Application\Common\Common\function.php 第 109 行.
NOTIC: [2] Invalid argument supplied for foreach() C:\Users\ithol\Desktop\phpcode\myStudy\jxshop\Application\Home\Model\CartModel.class.php 第 52 行.

